
5월 15, 2023 10:35:22.435 NEW SESSION
5월 15, 2023 10:35:22.435 INFO: Created TensorFlow Lite XNNPACK delegate for CPU.
5월 15, 2023 11:07:39.482 INFO: Created TensorFlow Lite XNNPACK delegate for CPU.
5월 15, 2023 14:03:07.159 [5708:9768:0515/140307.159:ERROR:page_load_metrics_update_dispatcher.cc(178)] Invalid first_paint 0.213 s for first_image_paint 0.206 s
5월 15, 2023 14:03:07.265 [5708:9768:0515/140307.265:ERROR:page_load_metrics_update_dispatcher.cc(178)] Invalid first_paint 0.213 s for first_image_paint 0.206 s
5월 15, 2023 14:03:07.485 [5708:9768:0515/140307.485:ERROR:page_load_metrics_update_dispatcher.cc(178)] Invalid first_paint 0.213 s for first_image_paint 0.206 s
5월 15, 2023 14:03:07.700 [5708:9768:0515/140307.700:ERROR:page_load_metrics_update_dispatcher.cc(178)] Invalid first_paint 0.213 s for first_image_paint 0.206 s
5월 15, 2023 14:03:07.896 [5708:9768:0515/140307.896:ERROR:page_load_metrics_update_dispatcher.cc(178)] Invalid first_paint 0.213 s for first_image_paint 0.206 s
5월 15, 2023 14:03:08.50 [5708:9768:0515/140308.050:ERROR:page_load_metrics_update_dispatcher.cc(178)] Invalid first_paint 0.213 s for first_image_paint 0.206 s
5월 15, 2023 14:03:08.693 [5708:9768:0515/140308.693:ERROR:page_load_metrics_update_dispatcher.cc(178)] Invalid first_paint 0.213 s for first_image_paint 0.206 s
5월 15, 2023 14:03:08.749 [5708:9768:0515/140308.749:ERROR:page_load_metrics_update_dispatcher.cc(178)] Invalid first_paint 0.213 s for first_image_paint 0.206 s

5월 16, 2023 11:09:47.246 NEW SESSION
5월 16, 2023 11:09:47.246 INFO: Created TensorFlow Lite XNNPACK delegate for CPU.
5월 16, 2023 11:17:29.130 INFO: Created TensorFlow Lite XNNPACK delegate for CPU.
5월 16, 2023 11:18:19.645 INFO: Created TensorFlow Lite XNNPACK delegate for CPU.
5월 16, 2023 11:21:06.03 INFO: Created TensorFlow Lite XNNPACK delegate for CPU.
5월 16, 2023 11:25:32.801 INFO: Created TensorFlow Lite XNNPACK delegate for CPU.
5월 16, 2023 11:27:58.380 INFO: Created TensorFlow Lite XNNPACK delegate for CPU.
5월 16, 2023 14:49:39.440 INFO: Created TensorFlow Lite XNNPACK delegate for CPU.
5월 16, 2023 15:35:58.254 INFO: Created TensorFlow Lite XNNPACK delegate for CPU.
5월 16, 2023 15:39:44.259 INFO: Created TensorFlow Lite XNNPACK delegate for CPU.
5월 16, 2023 15:42:39.950 INFO: Created TensorFlow Lite XNNPACK delegate for CPU.
5월 16, 2023 16:18:15.560 INFO: Created TensorFlow Lite XNNPACK delegate for CPU.
5월 16, 2023 17:27:36.134 INFO: Created TensorFlow Lite XNNPACK delegate for CPU.
5월 16, 2023 17:41:35.729 [7032:10988:0516/174135.729:ERROR:device_event_log_impl.cc(222)] [17:41:35.729] USB: usb_service_win.cc:104 SetupDiGetDeviceProperty({{A45C254E-DF1C-4EFD-8020-67D146A850E0}, 6}) failed: 요소가 없습니다. (0x490)

5월 17, 2023 09:12:11.422 NEW SESSION
5월 17, 2023 09:12:11.422 INFO: Created TensorFlow Lite XNNPACK delegate for CPU.
5월 17, 2023 09:35:23.07 INFO: Created TensorFlow Lite XNNPACK delegate for CPU.
5월 17, 2023 09:37:05.770 INFO: Created TensorFlow Lite XNNPACK delegate for CPU.
5월 17, 2023 09:44:25.710 INFO: Created TensorFlow Lite XNNPACK delegate for CPU.
5월 17, 2023 09:46:30.849 INFO: Created TensorFlow Lite XNNPACK delegate for CPU.
5월 17, 2023 09:48:01.967 INFO: Created TensorFlow Lite XNNPACK delegate for CPU.
5월 17, 2023 09:49:37.354 INFO: Created TensorFlow Lite XNNPACK delegate for CPU.
5월 17, 2023 09:59:51.976 INFO: Created TensorFlow Lite XNNPACK delegate for CPU.
5월 17, 2023 10:40:48.306 INFO: Created TensorFlow Lite XNNPACK delegate for CPU.
5월 17, 2023 11:02:58.651 [3612:2396:0517/110258.651:ERROR:interface_endpoint_client.cc(696)] Message 0 rejected by interface blink.mojom.WidgetHost
5월 17, 2023 11:54:08.712 INFO: Created TensorFlow Lite XNNPACK delegate for CPU.
5월 17, 2023 11:56:28.716 INFO: Created TensorFlow Lite XNNPACK delegate for CPU.
5월 17, 2023 11:59:52.239 INFO: Created TensorFlow Lite XNNPACK delegate for CPU.
5월 17, 2023 12:16:56.938 INFO: Created TensorFlow Lite XNNPACK delegate for CPU.
5월 17, 2023 12:33:01.832 INFO: Created TensorFlow Lite XNNPACK delegate for CPU.
5월 17, 2023 14:05:25.126 INFO: Created TensorFlow Lite XNNPACK delegate for CPU.
5월 17, 2023 14:22:04.204 [12052:11856:0517/142204.203:ERROR:interface_endpoint_client.cc(696)] Message 0 rejected by interface blink.mojom.WidgetHost
5월 17, 2023 14:22:47.92 [12052:11856:0517/142247.092:ERROR:interface_endpoint_client.cc(696)] Message 0 rejected by interface blink.mojom.WidgetHost

5월 19, 2023 17:50:40.999 NEW SESSION
5월 19, 2023 17:50:40.999 INFO: Created TensorFlow Lite XNNPACK delegate for CPU.

5월 22, 2023 09:30:04.859 NEW SESSION
5월 22, 2023 09:30:04.859 INFO: Created TensorFlow Lite XNNPACK delegate for CPU.
5월 22, 2023 09:42:07.871 INFO: Created TensorFlow Lite XNNPACK delegate for CPU.
5월 22, 2023 09:56:03.624 INFO: Created TensorFlow Lite XNNPACK delegate for CPU.
5월 22, 2023 10:13:18.181 INFO: Created TensorFlow Lite XNNPACK delegate for CPU.
5월 22, 2023 15:09:24.291 [3832:7924:0522/150924.291:ERROR:interface_endpoint_client.cc(696)] Message 1 rejected by interface blink.mojom.WidgetHost

5월 24, 2023 09:14:20.20 NEW SESSION
5월 24, 2023 09:14:20.20 INFO: Created TensorFlow Lite XNNPACK delegate for CPU.

5월 24, 2023 15:00:27.809 NEW SESSION
5월 24, 2023 15:00:27.810 INFO: Created TensorFlow Lite XNNPACK delegate for CPU.
5월 24, 2023 15:00:58.574 INFO: Created TensorFlow Lite XNNPACK delegate for CPU.
5월 24, 2023 16:22:04.217 INFO: Created TensorFlow Lite XNNPACK delegate for CPU.
5월 24, 2023 16:26:26.138 INFO: Created TensorFlow Lite XNNPACK delegate for CPU.
5월 24, 2023 16:27:37.115 INFO: Created TensorFlow Lite XNNPACK delegate for CPU.
5월 24, 2023 17:09:27.196 [9432:8752:0524/170927.196:ERROR:interface_endpoint_client.cc(696)] Message 0 rejected by interface blink.mojom.WidgetHost
5월 24, 2023 17:09:44.58 [9432:8752:0524/170944.058:ERROR:interface_endpoint_client.cc(696)] Message 0 rejected by interface blink.mojom.WidgetHost

5월 25, 2023 10:50:22.19 NEW SESSION
5월 25, 2023 10:50:22.19 INFO: Created TensorFlow Lite XNNPACK delegate for CPU.
5월 25, 2023 11:12:51.890 INFO: Created TensorFlow Lite XNNPACK delegate for CPU.
5월 25, 2023 11:26:10.481 INFO: Created TensorFlow Lite XNNPACK delegate for CPU.
5월 25, 2023 12:19:57.276 INFO: Created TensorFlow Lite XNNPACK delegate for CPU.
5월 25, 2023 12:26:20.810 INFO: Created TensorFlow Lite XNNPACK delegate for CPU.
5월 25, 2023 14:25:22.935 INFO: Created TensorFlow Lite XNNPACK delegate for CPU.
5월 25, 2023 15:03:17.44 INFO: Created TensorFlow Lite XNNPACK delegate for CPU.

5월 31, 2023 16:07:24.387 NEW SESSION
5월 31, 2023 16:07:24.387 INFO: Created TensorFlow Lite XNNPACK delegate for CPU.
5월 31, 2023 16:08:08.92 INFO: Created TensorFlow Lite XNNPACK delegate for CPU.
5월 31, 2023 16:09:37.424 INFO: Created TensorFlow Lite XNNPACK delegate for CPU.
5월 31, 2023 16:12:54.291 INFO: Created TensorFlow Lite XNNPACK delegate for CPU.
5월 31, 2023 16:14:10.893 INFO: Created TensorFlow Lite XNNPACK delegate for CPU.
5월 31, 2023 16:18:37.293 INFO: Created TensorFlow Lite XNNPACK delegate for CPU.
